<?xml version="1.0" encoding="UTF-8"?>
<!-- Generated by org.testng.reporters.JUnitXMLReporter -->
<testsuite ignored="0" hostname="DESKTOP-79IRMBV" failures="0" tests="1" name="ChromeTest" time="2.283" errors="0" timestamp="04 Nov 2023 11:41:01 GMT">
  <testcase classname="com.demo.qa.testcases.GmailTest" name="@BeforeTest setup" time="2.251">
    <failure type="org.openqa.selenium.SessionNotCreatedException" message="session not created: This version of ChromeDriver only supports Chrome version 113
Current browser version is 118.0.5993.120 with binary path C:\Program Files\Google\Chrome\Application\chrome.exe
Build info: version: &amp;apos;3.14.0&amp;apos;, revision: &amp;apos;aacccce0&amp;apos;, time: &amp;apos;2018-08-02T20:19:58.91Z&amp;apos;
System info: host: &amp;apos;DESKTOP-79IRMBV&amp;apos;, ip: &amp;apos;192.168.1.13&amp;apos;, os.name: &amp;apos;Windows 10&amp;apos;, os.arch: &amp;apos;amd64&amp;apos;, os.version: &amp;apos;10.0&amp;apos;, java.version: &amp;apos;21.0.1&amp;apos;
Driver info: driver.version: ChromeDriver
remote stacktrace: Backtrace:
	GetHandleVerifier [0x00808893+48451]
	(No symbol) [0x0079B8A1]
	(No symbol) [0x006A5058]
	(No symbol) [0x006C5D9C]
	(No symbol) [0x006C1AA3]
	(No symbol) [0x006C0019]
	(No symbol) [0x006F0798]
	(No symbol) [0x006F047C]
	(No symbol) [0x006EA0B6]
	(No symbol) [0x006C7E08]
	(No symbol) [0x006C8F2D]
	GetHandleVerifier [0x00A68E3A+2540266]
	GetHandleVerifier [0x00AA8959+2801161]
	GetHandleVerifier [0x00AA295C+2776588]
	GetHandleVerifier [0x00892280+612144]
	(No symbol) [0x007A4F6C]
	(No symbol) [0x007A11D8]
	(No symbol) [0x007A12BB]
	(No symbol) [0x00794857]
	BaseThreadInitThunk [0x759E00C9+25]
	RtlGetAppContainerNamedObjectPath [0x771A7B4E+286]
	RtlGetAppContainerNamedObjectPath [0x771A7B1E+238]
">
      <![CDATA[org.openqa.selenium.SessionNotCreatedException: session not created: This version of ChromeDriver only supports Chrome version 113
Current browser version is 118.0.5993.120 with binary path C:\Program Files\Google\Chrome\Application\chrome.exe
Build info: version: '3.14.0', revision: 'aacccce0', time: '2018-08-02T20:19:58.91Z'
System info: host: 'DESKTOP-79IRMBV', ip: '192.168.1.13', os.name: 'Windows 10', os.arch: 'amd64', os.version: '10.0', java.version: '21.0.1'
Driver info: driver.version: ChromeDriver
remote stacktrace: Backtrace:
	GetHandleVerifier [0x00808893+48451]
	(No symbol) [0x0079B8A1]
	(No symbol) [0x006A5058]
	(No symbol) [0x006C5D9C]
	(No symbol) [0x006C1AA3]
	(No symbol) [0x006C0019]
	(No symbol) [0x006F0798]
	(No symbol) [0x006F047C]
	(No symbol) [0x006EA0B6]
	(No symbol) [0x006C7E08]
	(No symbol) [0x006C8F2D]
	GetHandleVerifier [0x00A68E3A+2540266]
	GetHandleVerifier [0x00AA8959+2801161]
	GetHandleVerifier [0x00AA295C+2776588]
	GetHandleVerifier [0x00892280+612144]
	(No symbol) [0x007A4F6C]
	(No symbol) [0x007A11D8]
	(No symbol) [0x007A12BB]
	(No symbol) [0x00794857]
	BaseThreadInitThunk [0x759E00C9+25]
	RtlGetAppContainerNamedObjectPath [0x771A7B4E+286]
	RtlGetAppContainerNamedObjectPath [0x771A7B1E+238]

	at org.openqa.selenium.remote.W3CHandshakeResponse.lambda$new$0(W3CHandshakeResponse.java:57)
	at org.openqa.selenium.remote.W3CHandshakeResponse.lambda$getResponseFunction$2(W3CHandshakeResponse.java:104)
	at org.openqa.selenium.remote.ProtocolHandshake.lambda$createSession$0(ProtocolHandshake.java:122)
	at java.base/java.util.stream.ReferencePipeline$3$1.accept(ReferencePipeline.java:197)
	at java.base/java.util.Spliterators$ArraySpliterator.tryAdvance(Spliterators.java:1034)
	at java.base/java.util.stream.ReferencePipeline.forEachWithCancel(ReferencePipeline.java:129)
	at java.base/java.util.stream.AbstractPipeline.copyIntoWithCancel(AbstractPipeline.java:527)
	at java.base/java.util.stream.AbstractPipeline.copyInto(AbstractPipeline.java:513)
	at java.base/java.util.stream.AbstractPipeline.wrapAndCopyInto(AbstractPipeline.java:499)
	at java.base/java.util.stream.FindOps$FindOp.evaluateSequential(FindOps.java:150)
	at java.base/java.util.stream.AbstractPipeline.evaluate(AbstractPipeline.java:234)
	at java.base/java.util.stream.ReferencePipeline.findFirst(ReferencePipeline.java:647)
	at org.openqa.selenium.remote.ProtocolHandshake.createSession(ProtocolHandshake.java:125)
	at org.openqa.selenium.remote.ProtocolHandshake.createSession(ProtocolHandshake.java:73)
	at org.openqa.selenium.remote.HttpCommandExecutor.execute(HttpCommandExecutor.java:136)
	at org.openqa.selenium.remote.service.DriverCommandExecutor.execute(DriverCommandExecutor.java:83)
	at org.openqa.selenium.remote.RemoteWebDriver.execute(RemoteWebDriver.java:548)
	at org.openqa.selenium.remote.RemoteWebDriver.startSession(RemoteWebDriver.java:212)
	at org.openqa.selenium.remote.RemoteWebDriver.<init>(RemoteWebDriver.java:130)
	at org.openqa.selenium.chrome.ChromeDriver.<init>(ChromeDriver.java:181)
	at org.openqa.selenium.chrome.ChromeDriver.<init>(ChromeDriver.java:168)
	at org.openqa.selenium.chrome.ChromeDriver.<init>(ChromeDriver.java:123)
	at com.demo.qa.testcases.GmailTest.setup(GmailTest.java:46)
	at java.base/java.util.concurrent.FutureTask.run(FutureTask.java:317)
	at java.base/java.util.concurrent.ThreadPoolExecutor.runWorker(ThreadPoolExecutor.java:1144)
	at java.base/java.util.concurrent.ThreadPoolExecutor$Worker.run(ThreadPoolExecutor.java:642)
	at java.base/java.lang.Thread.run(Thread.java:1583)
... Removed 15 stack frames]]>
    </failure>
  </testcase> <!-- @BeforeTest setup -->
  <testcase classname="com.demo.qa.testcases.GmailTest" name="GmailClickTest" time="0.0">
    <skipped/>
  </testcase> <!-- GmailClickTest -->
</testsuite> <!-- ChromeTest -->
