<?xml version="1.0" encoding="UTF-8"?>
<!-- Generated by org.testng.reporters.JUnitXMLReporter -->
<testsuite hostname="Alle-2QL47X3" ignored="0" name="ChromeTest" tests="1" failures="0" timestamp="13 Nov 2023 12:30:38 GMT" time="8.935" errors="0">
  <testcase name="@BeforeTest setup" time="8.784" classname="com.crm.qa.testcases.GmailTest">
    <failure type="org.openqa.selenium.SessionNotCreatedException" message="session not created: This version of ChromeDriver only supports Chrome version 113
Current browser version is 119.0.6045.124 with binary path C:\Program Files\Google\Chrome\Application\chrome.exe
Build info: version: &amp;apos;3.14.0&amp;apos;, revision: &amp;apos;aacccce0&amp;apos;, time: &amp;apos;2018-08-02T20:19:58.91Z&amp;apos;
System info: host: &amp;apos;ALLE-2QL47X3&amp;apos;, ip: &amp;apos;192.168.1.39&amp;apos;, os.name: &amp;apos;Windows 8.1&amp;apos;, os.arch: &amp;apos;amd64&amp;apos;, os.version: &amp;apos;6.3&amp;apos;, java.version: &amp;apos;1.8.0_20&amp;apos;
Driver info: driver.version: ChromeDriver
remote stacktrace: Backtrace:
	GetHandleVerifier [0x00598893+48451]
	(No symbol) [0x0052B8A1]
	(No symbol) [0x00435058]
	(No symbol) [0x00455D9C]
	(No symbol) [0x00451AA3]
	(No symbol) [0x00450019]
	(No symbol) [0x00480798]
	(No symbol) [0x0048047C]
	(No symbol) [0x0047A0B6]
	(No symbol) [0x00457E08]
	(No symbol) [0x00458F2D]
	GetHandleVerifier [0x007F8E3A+2540266]
	GetHandleVerifier [0x00838959+2801161]
	GetHandleVerifier [0x0083295C+2776588]
	GetHandleVerifier [0x00622280+612144]
	(No symbol) [0x00534F6C]
	(No symbol) [0x005311D8]
	(No symbol) [0x005312BB]
	(No symbol) [0x00524857]
	BaseThreadInitThunk [0x7597FCC9+25]
	RtlGetAppContainerNamedObjectPath [0x77357C6E+286]
	RtlGetAppContainerNamedObjectPath [0x77357C3E+238]
">
      <![CDATA[org.openqa.selenium.SessionNotCreatedException: session not created: This version of ChromeDriver only supports Chrome version 113
Current browser version is 119.0.6045.124 with binary path C:\Program Files\Google\Chrome\Application\chrome.exe
Build info: version: '3.14.0', revision: 'aacccce0', time: '2018-08-02T20:19:58.91Z'
System info: host: 'ALLE-2QL47X3', ip: '192.168.1.39', os.name: 'Windows 8.1', os.arch: 'amd64', os.version: '6.3', java.version: '1.8.0_20'
Driver info: driver.version: ChromeDriver
remote stacktrace: Backtrace:
	GetHandleVerifier [0x00598893+48451]
	(No symbol) [0x0052B8A1]
	(No symbol) [0x00435058]
	(No symbol) [0x00455D9C]
	(No symbol) [0x00451AA3]
	(No symbol) [0x00450019]
	(No symbol) [0x00480798]
	(No symbol) [0x0048047C]
	(No symbol) [0x0047A0B6]
	(No symbol) [0x00457E08]
	(No symbol) [0x00458F2D]
	GetHandleVerifier [0x007F8E3A+2540266]
	GetHandleVerifier [0x00838959+2801161]
	GetHandleVerifier [0x0083295C+2776588]
	GetHandleVerifier [0x00622280+612144]
	(No symbol) [0x00534F6C]
	(No symbol) [0x005311D8]
	(No symbol) [0x005312BB]
	(No symbol) [0x00524857]
	BaseThreadInitThunk [0x7597FCC9+25]
	RtlGetAppContainerNamedObjectPath [0x77357C6E+286]
	RtlGetAppContainerNamedObjectPath [0x77357C3E+238]

	at org.openqa.selenium.remote.W3CHandshakeResponse.lambda$new$0(W3CHandshakeResponse.java:57)
	at org.openqa.selenium.remote.W3CHandshakeResponse$$Lambda$201/2099070134.apply(Unknown Source)
	at org.openqa.selenium.remote.W3CHandshakeResponse.lambda$getResponseFunction$2(W3CHandshakeResponse.java:104)
	at org.openqa.selenium.remote.W3CHandshakeResponse$$Lambda$203/1875680364.apply(Unknown Source)
	at org.openqa.selenium.remote.ProtocolHandshake.lambda$createSession$0(ProtocolHandshake.java:122)
	at org.openqa.selenium.remote.ProtocolHandshake$$Lambda$204/1104447939.apply(Unknown Source)
	at java.util.stream.ReferencePipeline$3$1.accept(ReferencePipeline.java:193)
	at java.util.Spliterators$ArraySpliterator.tryAdvance(Spliterators.java:958)
	at java.util.stream.ReferencePipeline.forEachWithCancel(ReferencePipeline.java:126)
	at java.util.stream.AbstractPipeline.copyIntoWithCancel(AbstractPipeline.java:529)
	at java.util.stream.AbstractPipeline.copyInto(AbstractPipeline.java:516)
	at java.util.stream.AbstractPipeline.wrapAndCopyInto(AbstractPipeline.java:502)
	at java.util.stream.FindOps$FindOp.evaluateSequential(FindOps.java:152)
	at java.util.stream.AbstractPipeline.evaluate(AbstractPipeline.java:234)
	at java.util.stream.ReferencePipeline.findFirst(ReferencePipeline.java:464)
	at org.openqa.selenium.remote.ProtocolHandshake.createSession(ProtocolHandshake.java:125)
	at org.openqa.selenium.remote.ProtocolHandshake.createSession(ProtocolHandshake.java:73)
	at org.openqa.selenium.remote.HttpCommandExecutor.execute(HttpCommandExecutor.java:136)
	at org.openqa.selenium.remote.service.DriverCommandExecutor.execute(DriverCommandExecutor.java:83)
	at org.openqa.selenium.remote.RemoteWebDriver.execute(RemoteWebDriver.java:548)
	at org.openqa.selenium.remote.RemoteWebDriver.startSession(RemoteWebDriver.java:212)
	at org.openqa.selenium.remote.RemoteWebDriver.<init>(RemoteWebDriver.java:130)
	at org.openqa.selenium.chrome.ChromeDriver.<init>(ChromeDriver.java:181)
	at org.openqa.selenium.chrome.ChromeDriver.<init>(ChromeDriver.java:168)
	at org.openqa.selenium.chrome.ChromeDriver.<init>(ChromeDriver.java:123)
	at com.crm.qa.testcases.GmailTest.setup(GmailTest.java:43)
	at java.util.concurrent.FutureTask.run(FutureTask.java:266)
	at java.util.concurrent.ThreadPoolExecutor.runWorker(ThreadPoolExecutor.java:1142)
	at java.util.concurrent.ThreadPoolExecutor$Worker.run(ThreadPoolExecutor.java:617)
	at java.lang.Thread.run(Thread.java:745)
... Removed 18 stack frames]]>
    </failure>
  </testcase> <!-- @BeforeTest setup -->
  <testcase name="GmailClickTest" time="0.001" classname="com.crm.qa.testcases.GmailTest">
    <skipped/>
  </testcase> <!-- GmailClickTest -->
</testsuite> <!-- ChromeTest -->
