<?xml version="1.0" encoding="UTF-8"?>
<!-- Generated by org.testng.reporters.JUnitReportReporter -->
<testsuite hostname="DESKTOP-79IRMBV" failures="0" tests="4" name="com.demo.qa.testcases.GmailTest" time="5.886" errors="1" timestamp="04 Nov 2023 11:41:05 GMT" skipped="1">
  <testcase classname="com.demo.qa.testcases.GmailTest" name="GmailClickTest" time="0.000">
    <skipped/>
  </testcase> <!-- GmailClickTest -->
  <testcase classname="com.demo.qa.testcases.GmailTest" name="GmailClickTest" time="1.249"/>
  <testcase classname="com.demo.qa.testcases.GmailTest" name="GmailClickTest" time="2.386"/>
  <testcase classname="com.demo.qa.testcases.GmailTest" name="setup" time="2.251">
    <error message="session not created: This version of ChromeDriver only supports Chrome version 113
Current browser version is 118.0.5993.120 with binary path C:\Program Files\Google\Chrome\Application\chrome.exe
Build info: version: &#039;3.14.0&#039;, revision: &#039;aacccce0&#039;, time: &#039;2018-08-02T20:19:58.91Z&#039;
System info: host: &#039;DESKTOP-79IRMBV&#039;, ip: &#039;192.168.1.13&#039;, os.name: &#039;Windows 10&#039;, os.arch: &#039;amd64&#039;, os.version: &#039;10.0&#039;, java.version: &#039;21.0.1&#039;
Driver info: driver.version: ChromeDriver
remote stacktrace: Backtrace:
	GetHandleVerifier [0x00808893+48451]
	(No symbol) [0x0079B8A1]
	(No symbol) [0x006A5058]
	(No symbol) [0x006C5D9C]
	(No symbol) [0x006C1AA3]
	(No symbol) [0x006C0019]
	(No symbol) [0x006F0798]
	(No symbol) [0x006F047C]
	(No symbol) [0x006EA0B6]
	(No symbol) [0x006C7E08]
	(No symbol) [0x006C8F2D]
	GetHandleVerifier [0x00A68E3A+2540266]
	GetHandleVerifier [0x00AA8959+2801161]
	GetHandleVerifier [0x00AA295C+2776588]
	GetHandleVerifier [0x00892280+612144]
	(No symbol) [0x007A4F6C]
	(No symbol) [0x007A11D8]
	(No symbol) [0x007A12BB]
	(No symbol) [0x00794857]
	BaseThreadInitThunk [0x759E00C9+25]
	RtlGetAppContainerNamedObjectPath [0x771A7B4E+286]
	RtlGetAppContainerNamedObjectPath [0x771A7B1E+238]
" type="org.openqa.selenium.SessionNotCreatedException">
      <![CDATA[org.openqa.selenium.SessionNotCreatedException: session not created: This version of ChromeDriver only supports Chrome version 113
Current browser version is 118.0.5993.120 with binary path C:\Program Files\Google\Chrome\Application\chrome.exe
Build info: version: '3.14.0', revision: 'aacccce0', time: '2018-08-02T20:19:58.91Z'
System info: host: 'DESKTOP-79IRMBV', ip: '192.168.1.13', os.name: 'Windows 10', os.arch: 'amd64', os.version: '10.0', java.version: '21.0.1'
Driver info: driver.version: ChromeDriver
remote stacktrace: Backtrace:
	GetHandleVerifier [0x00808893+48451]
	(No symbol) [0x0079B8A1]
	(No symbol) [0x006A5058]
	(No symbol) [0x006C5D9C]
	(No symbol) [0x006C1AA3]
	(No symbol) [0x006C0019]
	(No symbol) [0x006F0798]
	(No symbol) [0x006F047C]
	(No symbol) [0x006EA0B6]
	(No symbol) [0x006C7E08]
	(No symbol) [0x006C8F2D]
	GetHandleVerifier [0x00A68E3A+2540266]
	GetHandleVerifier [0x00AA8959+2801161]
	GetHandleVerifier [0x00AA295C+2776588]
	GetHandleVerifier [0x00892280+612144]
	(No symbol) [0x007A4F6C]
	(No symbol) [0x007A11D8]
	(No symbol) [0x007A12BB]
	(No symbol) [0x00794857]
	BaseThreadInitThunk [0x759E00C9+25]
	RtlGetAppContainerNamedObjectPath [0x771A7B4E+286]
	RtlGetAppContainerNamedObjectPath [0x771A7B1E+238]

	at java.base/jdk.internal.reflect.DirectConstructorHandleAccessor.newInstance(DirectConstructorHandleAccessor.java:62)
	at java.base/java.lang.reflect.Constructor.newInstanceWithCaller(Constructor.java:502)
	at java.base/java.lang.reflect.Constructor.newInstance(Constructor.java:486)
	at org.openqa.selenium.remote.W3CHandshakeResponse.lambda$new$0(W3CHandshakeResponse.java:57)
	at org.openqa.selenium.remote.W3CHandshakeResponse.lambda$getResponseFunction$2(W3CHandshakeResponse.java:104)
	at org.openqa.selenium.remote.ProtocolHandshake.lambda$createSession$0(ProtocolHandshake.java:122)
	at java.base/java.util.stream.ReferencePipeline$3$1.accept(ReferencePipeline.java:197)
	at java.base/java.util.Spliterators$ArraySpliterator.tryAdvance(Spliterators.java:1034)
	at java.base/java.util.stream.ReferencePipeline.forEachWithCancel(ReferencePipeline.java:129)
	at java.base/java.util.stream.AbstractPipeline.copyIntoWithCancel(AbstractPipeline.java:527)
	at java.base/java.util.stream.AbstractPipeline.copyInto(AbstractPipeline.java:513)
	at java.base/java.util.stream.AbstractPipeline.wrapAndCopyInto(AbstractPipeline.java:499)
	at java.base/java.util.stream.FindOps$FindOp.evaluateSequential(FindOps.java:150)
	at java.base/java.util.stream.AbstractPipeline.evaluate(AbstractPipeline.java:234)
	at java.base/java.util.stream.ReferencePipeline.findFirst(ReferencePipeline.java:647)
	at org.openqa.selenium.remote.ProtocolHandshake.createSession(ProtocolHandshake.java:125)
	at org.openqa.selenium.remote.ProtocolHandshake.createSession(ProtocolHandshake.java:73)
	at org.openqa.selenium.remote.HttpCommandExecutor.execute(HttpCommandExecutor.java:136)
	at org.openqa.selenium.remote.service.DriverCommandExecutor.execute(DriverCommandExecutor.java:83)
	at org.openqa.selenium.remote.RemoteWebDriver.execute(RemoteWebDriver.java:548)
	at org.openqa.selenium.remote.RemoteWebDriver.startSession(RemoteWebDriver.java:212)
	at org.openqa.selenium.remote.RemoteWebDriver.<init>(RemoteWebDriver.java:130)
	at org.openqa.selenium.chrome.ChromeDriver.<init>(ChromeDriver.java:181)
	at org.openqa.selenium.chrome.ChromeDriver.<init>(ChromeDriver.java:168)
	at org.openqa.selenium.chrome.ChromeDriver.<init>(ChromeDriver.java:123)
	at com.demo.qa.testcases.GmailTest.setup(GmailTest.java:46)
	at java.base/jdk.internal.reflect.DirectMethodHandleAccessor.invoke(DirectMethodHandleAccessor.java:103)
	at java.base/java.lang.reflect.Method.invoke(Method.java:580)
	at org.testng.internal.MethodInvocationHelper.invokeMethod(MethodInvocationHelper.java:108)
	at org.testng.internal.Invoker.invokeConfigurationMethod(Invoker.java:523)
	at org.testng.internal.Invoker.invokeConfigurations(Invoker.java:224)
	at org.testng.internal.Invoker.invokeConfigurations(Invoker.java:146)
	at org.testng.TestRunner.beforeRun(TestRunner.java:626)
	at org.testng.TestRunner.run(TestRunner.java:594)
	at org.testng.SuiteRunner.runTest(SuiteRunner.java:380)
	at org.testng.SuiteRunner.access$000(SuiteRunner.java:39)
	at org.testng.SuiteRunner$SuiteWorker.run(SuiteRunner.java:414)
	at org.testng.internal.thread.ThreadUtil$1.call(ThreadUtil.java:52)
	at java.base/java.util.concurrent.FutureTask.run(FutureTask.java:317)
	at java.base/java.util.concurrent.ThreadPoolExecutor.runWorker(ThreadPoolExecutor.java:1144)
	at java.base/java.util.concurrent.ThreadPoolExecutor$Worker.run(ThreadPoolExecutor.java:642)
	at java.base/java.lang.Thread.run(Thread.java:1583)
]]>
    </error>
  </testcase> <!-- setup -->
</testsuite> <!-- com.demo.qa.testcases.GmailTest -->
